Netlist file: ../net/alu4.net   Architecture file: 4lut_sanitized.arch
Array size: 40 x 40 logic blocks

#block name	x	y	subblk	block number
#----------	--	--	------	------------
i_9_		21	0	1	#0
i_10_		16	0	0	#1
i_7_		20	0	0	#2
i_8_		19	0	0	#3
i_5_		27	0	0	#4
i_6_		21	0	0	#5
i_3_		26	0	0	#6
i_13_		18	0	0	#7
i_4_		26	0	1	#8
i_12_		20	0	1	#9
i_1_		28	0	0	#10
i_11_		18	0	1	#11
i_2_		27	0	1	#12
i_0_		28	0	1	#13
out:o_1_	33	41	0	#14
out:o_2_	41	30	0	#15
out:o_0_	41	34	0	#16
out:o_7_	13	41	0	#17
out:o_5_	41	9	0	#18
out:o_6_	11	41	0	#19
out:o_3_	0	30	0	#20
out:o_4_	0	16	0	#21
o_1_		33	37	0	#22
o_2_		37	30	0	#23
o_0_		40	34	0	#24
o_7_		13	40	0	#25
o_5_		37	9	0	#26
o_6_		11	39	0	#27
o_3_		1	30	0	#28
o_4_		7	16	0	#29
n_n637		30	14	0	#30
n_n860		12	35	0	#31
n_n861		32	38	0	#32
[8]		34	2	0	#33
[21]		25	25	0	#34
[23]		10	17	0	#35
[414]		36	37	0	#36
n_n877		38	27	0	#37
n_n876		38	29	0	#38
n_n878		35	29	0	#39
n_n874		35	33	0	#40
[18]		29	11	0	#41
[55]		4	30	0	#42
[126]		36	9	0	#43
[278]		40	30	0	#44
[283]		24	4	0	#45
[327]		27	25	0	#46
[343]		38	34	0	#47
[348]		38	36	0	#48
[386]		39	36	0	#49
n_n1240		20	40	0	#50
n_n1241		23	40	0	#51
n_n1221		13	37	0	#52
n_n1236		23	29	0	#53
n_n1222		12	30	0	#54
n_n1121		9	7	0	#55
n_n1120		12	4	0	#56
n_n1108		7	9	0	#57
n_n1189		23	19	0	#58
n_n1187		17	20	0	#59
n_n658		19	6	0	#60
n_n741		15	11	0	#61
n_n566		16	8	0	#62
n_n764		11	4	0	#63
n_n701		10	9	0	#64
[323]		1	21	0	#65
[325]		1	14	0	#66
[326]		1	16	0	#67
n_n970		4	12	0	#68
n_n972		7	28	0	#69
n_n978		17	12	0	#70
n_n976		17	9	0	#71
n_n962		8	22	0	#72
n_n955		28	16	0	#73
n_n957		4	14	0	#74
n_n816		17	14	0	#75
n_n853		9	18	0	#76
n_n779		11	9	0	#77
n_n795		19	27	0	#78
[17]		11	16	0	#79
[33]		26	14	0	#80
[35]		10	11	0	#81
[37]		15	22	0	#82
[68]		9	25	0	#83
[288]		20	15	0	#84
[313]		12	14	0	#85
[322]		11	17	0	#86
[336]		11	6	0	#87
[420]		7	33	0	#88
n_n833		27	30	0	#89
n_n538		27	19	0	#90
n_n850		20	31	0	#91
n_n498		20	25	0	#92
n_n838		22	19	0	#93
n_n835		22	25	0	#94
n_n748		19	22	0	#95
n_n725		19	34	0	#96
[341]		22	34	0	#97
n_n665		30	27	0	#98
[425]		32	26	0	#99
[337]		29	38	0	#100
[430]		29	33	0	#101
n_n1245		29	34	0	#102
[435]		33	26	0	#103
[434]		28	30	0	#104
n_n716		18	5	0	#105
n_n849		14	9	0	#106
n_n36		34	32	0	#107
[438]		8	10	0	#108
n_n545		18	4	0	#109
n_n675		13	5	0	#110
[29]		15	14	0	#111
[289]		13	7	0	#112
[443]		11	5	0	#113
[442]		12	9	0	#114
n_n570		20	29	0	#115
n_n787		14	20	0	#116
n_n769		11	14	0	#117
n_n819		14	10	0	#118
n_n273		7	3	0	#119
[381]		16	14	0	#120
[12]		22	10	0	#121
[377]		18	19	0	#122
n_n847		25	32	0	#123
[27]		19	17	0	#124
n_n581		24	15	0	#125
[264]		9	34	0	#126
n_n638		29	19	0	#127
[15]		20	10	0	#128
n_n814		18	17	0	#129
n_n541		25	22	0	#130
[28]		40	9	0	#131
n_n746		19	13	0	#132
[333]		31	12	0	#133
n_n830		26	30	0	#134
n_n453		29	14	0	#135
n_n761		15	16	0	#136
n_n213		24	8	0	#137
n_n421		30	3	0	#138
n_n415		26	6	0	#139
[344]		26	38	0	#140
n_n369		32	17	0	#141
[25]		20	22	0	#142
n_n358		24	3	0	#143
[14]		24	20	0	#144
n_n412		27	18	0	#145
[279]		18	27	0	#146
n_n773		5	13	0	#147
n_n844		26	18	0	#148
[13]		20	27	0	#149
n_n639		29	7	0	#150
[286]		17	19	0	#151
n_n185		20	8	0	#152
n_n432		23	5	0	#153
n_n826		29	5	0	#154
n_n183		38	21	0	#155
[96]		40	8	0	#156
n_n818		28	5	0	#157
n_n153		25	1	0	#158
n_n316		35	12	0	#159
n_n197		39	22	0	#160
n_n843		18	22	0	#161
n_n699		10	15	0	#162
[293]		2	27	0	#163
n_n678		5	20	0	#164
n_n671		9	22	0	#165
[26]		20	6	0	#166
n_n176		20	14	0	#167
n_n712		14	18	0	#168
n_n751		20	28	0	#169
[265]		26	31	0	#170
n_n719		18	10	0	#171
[31]		5	4	0	#172
n_n687		3	8	0	#173
[34]		24	2	0	#174
n_n827		17	16	0	#175
n_n685		11	10	0	#176
[309]		7	10	0	#177
[267]		6	11	0	#178
n_n683		16	19	0	#179
n_n275		16	4	0	#180
n_n792		9	6	0	#181
n_n35		35	15	0	#182
[69]		9	24	0	#183
[70]		10	10	0	#184
[106]		7	24	0	#185
[450]		5	27	0	#186
n_n1261		8	30	0	#187
[454]		29	28	0	#188
[453]		29	30	0	#189
n_n1248		27	29	0	#190
n_n752		19	23	0	#191
[307]		24	22	0	#192
n_n635		30	29	0	#193
n_n592		24	6	0	#194
n_n832		20	33	0	#195
n_n852		26	32	0	#196
n_n1243		28	32	0	#197
n_n609		30	5	0	#198
[465]		29	36	0	#199
n_n598		26	4	0	#200
n_n575		18	1	0	#201
[19]		18	16	0	#202
[9]		13	14	0	#203
n_n672		13	8	0	#204
n_n810		20	7	0	#205
[32]		6	7	0	#206
[370]		11	7	0	#207
[371]		9	2	0	#208
[295]		13	2	0	#209
[301]		18	11	0	#210
[346]		13	6	0	#211
[11]		20	9	0	#212
n_n633		27	28	0	#213
n_n653		20	37	0	#214
n_n526		28	10	0	#215
n_n534		40	21	0	#216
n_n242		4	32	0	#217
n_n656		19	5	0	#218
n_n194		18	2	0	#219
n_n346		27	16	0	#220
n_n842		14	17	0	#221
[281]		1	13	0	#222
n_n791		9	19	0	#223
n_n755		17	22	0	#224
n_n846		16	28	0	#225
n_n1258		13	29	0	#226
n_n670		15	10	0	#227
[113]		11	19	0	#228
n_n756		20	30	0	#229
n_n550		19	26	0	#230
n_n732		18	38	0	#231
[284]		21	18	0	#232
[483]		20	39	0	#233
[482]		19	31	0	#234
[118]		21	2	0	#235
[487]		34	25	0	#236
[486]		35	26	0	#237
[485]		36	22	0	#238
n_n1126		35	23	0	#239
[22]		27	34	0	#240
[38]		15	32	0	#241
[297]		24	17	0	#242
n_n1127		38	15	0	#243
[493]		39	17	0	#244
[491]		37	21	0	#245
n_n1112		38	19	0	#246
[268]		31	23	0	#247
n_n274		8	2	0	#248
n_n837		19	11	0	#249
n_n240		9	13	0	#250
[330]		5	22	0	#251
n_n771		12	22	0	#252
n_n606		20	11	0	#253
n_n813		16	7	0	#254
[290]		22	15	0	#255
[308]		27	14	0	#256
[318]		12	24	0	#257
[494]		12	26	0	#258
[360]		26	25	0	#259
[497]		25	27	0	#260
n_n1250		24	27	0	#261
[294]		19	14	0	#262
[296]		27	17	0	#263
[502]		23	36	0	#264
[501]		21	38	0	#265
[272]		29	23	0	#266
[298]		26	22	0	#267
[311]		34	20	0	#268
[363]		33	21	0	#269
n_n1129		35	20	0	#270
[104]		26	8	0	#271
[270]		22	2	0	#272
[379]		40	23	0	#273
[507]		40	10	0	#274
n_n1123		37	11	0	#275
n_n623		32	23	0	#276
[181]		36	26	0	#277
[364]		29	13	0	#278
[512]		40	14	0	#279
[516]		40	6	0	#280
[513]		38	6	0	#281
[300]		3	10	0	#282
[269]		19	8	0	#283
n_n822		13	21	0	#284
n_n840		29	10	0	#285
n_n631		28	11	0	#286
n_n710		17	17	0	#287
n_n729		19	9	0	#288
[519]		16	37	0	#289
[518]		19	36	0	#290
[517]		15	35	0	#291
n_n1256		15	38	0	#292
n_n735		21	36	0	#293
[523]		18	31	0	#294
[521]		20	24	0	#295
n_n1231		12	29	0	#296
[350]		18	7	0	#297
[529]		1	9	0	#298
[16]		4	13	0	#299
[533]		13	13	0	#300
[536]		7	27	0	#301
[277]		12	38	0	#302
n_n597		29	8	0	#303
n_n651		19	16	0	#304
n_n1255		14	40	0	#305
[405]		7	25	0	#306
[545]		12	34	0	#307
[544]		17	36	0	#308
[543]		17	35	0	#309
n_n1253		13	25	0	#310
[120]		6	21	0	#311
n_n1229		11	25	0	#312
[553]		36	23	0	#313
[552]		37	26	0	#314
n_n1128		37	20	0	#315
[30]		20	13	0	#316
[352]		6	36	0	#317
[557]		27	13	0	#318
[338]		28	3	0	#319
[560]		27	10	0	#320
[558]		25	8	0	#321
n_n1000		26	9	0	#322
[565]		26	3	0	#323
[564]		25	5	0	#324
n_n503		21	3	0	#325
[73]		11	23	0	#326
[121]		6	24	0	#327
[571]		16	30	0	#328
n_n1233		15	30	0	#329
[574]		15	31	0	#330
n_n624		21	15	0	#331
[20]		18	18	0	#332
[579]		17	6	0	#333
[578]		15	12	0	#334
n_n619		34	23	0	#335
[583]		24	35	0	#336
[581]		25	33	0	#337
n_n1234		30	25	0	#338
[591]		27	1	0	#339
n_n851		16	31	0	#340
[594]		22	18	0	#341
[593]		22	17	0	#342
[123]		31	4	0	#343
[276]		33	25	0	#344
[291]		16	17	0	#345
[354]		30	9	0	#346
[596]		34	5	0	#347
n_n277		14	7	0	#348
[115]		32	18	0	#349
[410]		24	25	0	#350
[604]		40	19	0	#351
[606]		16	16	0	#352
n_n1264		15	25	0	#353
n_n1265		15	33	0	#354
[292]		27	7	0	#355
[340]		15	13	0	#356
[359]		27	6	0	#357
[402]		14	29	0	#358
[612]		24	26	0	#359
n_n1191		21	5	0	#360
n_n1185		7	36	0	#361
[351]		8	19	0	#362
[369]		9	35	0	#363
[617]		12	33	0	#364
[616]		8	33	0	#365
[314]		28	4	0	#366
[365]		22	1	0	#367
[619]		24	16	0	#368
n_n612		37	28	0	#369
[275]		25	26	0	#370
[626]		27	21	0	#371
[628]		16	21	0	#372
n_n768		12	12	0	#373
[632]		8	11	0	#374
[639]		17	23	0	#375
[638]		18	20	0	#376
[637]		20	19	0	#377
[41]		8	36	0	#378
[382]		4	37	0	#379
[641]		4	33	0	#380
[324]		3	33	0	#381
n_n910		3	31	0	#382
[648]		39	26	0	#383
[299]		39	30	0	#384
[316]		40	29	0	#385
[376]		34	26	0	#386
[395]		33	13	0	#387
[36]		24	5	0	#388
[304]		30	8	0	#389
[384]		26	26	0	#390
[385]		36	33	0	#391
[347]		34	17	0	#392
[356]		23	16	0	#393
[655]		28	13	0	#394
n_n991		26	15	0	#395
[660]		37	35	0	#396
n_n879		35	34	0	#397
[287]		29	6	0	#398
[388]		31	36	0	#399
n_n881		33	33	0	#400
[668]		11	1	0	#401
[667]		12	13	0	#402
[666]		11	15	0	#403
[669]		15	5	0	#404
[671]		10	12	0	#405
[406]		13	9	0	#406
[676]		3	27	0	#407
[403]		7	17	0	#408
[334]		29	12	0	#409
[380]		23	8	0	#410
[686]		23	11	0	#411
[685]		25	17	0	#412
n_n993		25	13	0	#413
n_n913		5	31	0	#414
[696]		2	32	0	#415
n_n906		2	31	0	#416
[397]		36	8	0	#417
[701]		37	6	0	#418
[700]		22	8	0	#419
[321]		1	33	0	#420
[704]		30	10	0	#421
[703]		21	12	0	#422
[706]		31	14	0	#423
[705]		37	2	0	#424
[708]		32	19	0	#425
n_n987		32	15	0	#426
[366]		21	13	0	#427
[717]		24	12	0	#428
[716]		23	14	0	#429
n_n965		25	14	0	#430
n_n981		3	18	0	#431
n_n984		11	21	0	#432
n_n983		8	23	0	#433
[725]		5	25	0	#434
[724]		16	27	0	#435
[723]		13	24	0	#436
[374]		25	15	0	#437
n_n986		30	16	0	#438
[24]		16	6	0	#439
[735]		3	6	0	#440
[737]		34	13	0	#441
[736]		37	5	0	#442
[342]		33	20	0	#443
[738]		30	21	0	#444
[744]		23	15	0	#445
[747]		32	37	0	#446
[746]		33	32	0	#447
[751]		34	3	0	#448
[752]		34	11	0	#449
[263]		38	5	0	#450
[762]		3	19	0	#451
[761]		3	20	0	#452
[54]		36	11	0	#453
[10]		31	13	0	#454
[42]		20	36	0	#455
[51]		11	24	0	#456
[317]		21	14	0	#457
[319]		16	11	0	#458
[329]		19	15	0	#459
[335]		17	8	0	#460
[375]		22	3	0	#461
[393]		36	21	0	#462
[424]		21	29	0	#463
[423]		19	32	0	#464
[427]		33	23	0	#465
[426]		31	22	0	#466
[429]		32	20	0	#467
[428]		33	22	0	#468
[436]		21	24	0	#469
[440]		12	1	0	#470
[439]		9	10	0	#471
[447]		15	8	0	#472
[451]		9	33	0	#473
[452]		10	33	0	#474
[459]		18	28	0	#475
[469]		23	39	0	#476
[468]		23	37	0	#477
[479]		17	32	0	#478
[484]		20	38	0	#479
[503]		24	36	0	#480
[515]		40	2	0	#481
[520]		19	37	0	#482
[525]		17	31	0	#483
[524]		17	33	0	#484
[530]		6	16	0	#485
[531]		5	16	0	#486
[541]		17	38	0	#487
[546]		11	30	0	#488
[551]		17	37	0	#489
[562]		27	2	0	#490
[561]		26	10	0	#491
[569]		21	28	0	#492
[573]		18	30	0	#493
[572]		17	30	0	#494
[576]		12	31	0	#495
[584]		25	23	0	#496
[615]		20	1	0	#497
[622]		32	2	0	#498
[633]		9	11	0	#499
[636]		7	1	0	#500
[635]		4	1	0	#501
[644]		3	37	0	#502
[643]		2	36	0	#503
[646]		15	2	0	#504
[649]		40	25	0	#505
[653]		34	29	0	#506
[657]		30	13	0	#507
[673]		18	14	0	#508
[677]		1	27	0	#509
[680]		3	3	0	#510
[683]		34	30	0	#511
[684]		34	31	0	#512
[689]		25	10	0	#513
[698]		2	28	0	#514
[707]		38	1	0	#515
[712]		33	17	0	#516
[719]		22	14	0	#517
[718]		24	11	0	#518
[726]		4	25	0	#519
[728]		13	32	0	#520
[734]		16	22	0	#521
[741]		28	2	0	#522
[763]		2	19	0	#523
[40]		5	15	0	#524
[50]		4	9	0	#525
[52]		3	14	0	#526
[57]		4	6	0	#527
[59]		3	15	0	#528
[60]		7	15	0	#529
[62]		4	15	0	#530
[63]		3	13	0	#531
[64]		36	3	0	#532
[65]		35	3	0	#533
[80]		35	11	0	#534
[81]		35	10	0	#535
[82]		38	3	0	#536
[83]		36	2	0	#537
[84]		35	2	0	#538
[86]		34	8	0	#539
[89]		33	10	0	#540
[95]		32	7	0	#541
[97]		30	7	0	#542
[98]		31	8	0	#543
[103]		35	8	0	#544
[107]		33	6	0	#545
[112]		33	7	0	#546
[127]		31	10	0	#547
[128]		32	6	0	#548
[129]		32	11	0	#549
[130]		31	9	0	#550
[136]		33	11	0	#551
[139]		19	2	0	#552
[141]		20	4	0	#553
[142]		19	3	0	#554
[143]		31	11	0	#555
[144]		19	1	0	#556
[145]		20	2	0	#557
[150]		36	7	0	#558
[154]		21	7	0	#559
[156]		21	6	0	#560
[163]		29	3	0	#561
[166]		30	2	0	#562
[170]		26	2	0	#563
[171]		25	3	0	#564
[172]		27	3	0	#565
[176]		25	7	0	#566
[180]		24	7	0	#567
[182]		25	6	0	#568
[190]		27	8	0	#569
[192]		28	8	0	#570
[194]		28	7	0	#571
[198]		34	14	0	#572
[200]		29	15	0	#573
[201]		32	16	0	#574
[206]		34	16	0	#575
[207]		21	17	0	#576
[208]		21	16	0	#577
[212]		31	20	0	#578
[213]		32	21	0	#579
[215]		31	2	0	#580
[222]		31	1	0	#581
[223]		30	1	0	#582
[224]		32	1	0	#583
[225]		34	19	0	#584
[230]		36	5	0	#585
[231]		37	4	0	#586
[235]		29	22	0	#587
[236]		26	1	0	#588
[237]		28	25	0	#589
[238]		28	22	0	#590
[241]		29	25	0	#591
[245]		28	18	0	#592
[246]		33	12	0	#593
[247]		29	16	0	#594
[249]		30	17	0	#595
[252]		29	17	0	#596
[253]		28	17	0	#597
[255]		22	13	0	#598
[256]		24	14	0	#599
[258]		22	6	0	#600
[362]		23	12	0	#601
[373]		25	12	0	#602
[411]		26	12	0	#603
[768]		25	11	0	#604
[769]		26	13	0	#605
[772]		25	16	0	#606
[773]		26	17	0	#607
[777]		28	12	0	#608
[779]		27	12	0	#609
[784]		32	13	0	#610
[785]		33	15	0	#611
[788]		32	5	0	#612
[790]		31	3	0	#613
[791]		32	4	0	#614
[795]		33	14	0	#615
[798]		4	7	0	#616
[800]		3	5	0	#617
[801]		16	18	0	#618
[802]		17	18	0	#619
[808]		4	5	0	#620
[809]		3	4	0	#621
[814]		5	21	0	#622
[824]		7	23	0	#623
[825]		9	23	0	#624
[834]		23	17	0	#625
[835]		10	18	0	#626
[836]		11	22	0	#627
[837]		19	18	0	#628
[840]		20	18	0	#629
[841]		20	16	0	#630
[842]		20	17	0	#631
[843]		8	18	0	#632
[844]		13	18	0	#633
[845]		13	19	0	#634
[846]		5	17	0	#635
[850]		8	16	0	#636
[852]		10	19	0	#637
[853]		8	15	0	#638
[854]		8	14	0	#639
[855]		8	17	0	#640
[856]		4	21	0	#641
[857]		2	18	0	#642
[859]		4	17	0	#643
[863]		4	20	0	#644
[864]		5	19	0	#645
[879]		18	23	0	#646
[881]		18	9	0	#647
[882]		17	1	0	#648
[883]		17	3	0	#649
[884]		15	9	0	#650
[885]		18	3	0	#651
[887]		14	6	0	#652
[891]		14	5	0	#653
[895]		16	13	0	#654
[896]		17	13	0	#655
[901]		18	13	0	#656
[903]		17	7	0	#657
[905]		19	7	0	#658
[907]		17	4	0	#659
[909]		13	15	0	#660
[912]		12	16	0	#661
[917]		10	13	0	#662
[925]		17	15	0	#663
[927]		16	10	0	#664
[931]		18	6	0	#665
[932]		17	5	0	#666
[934]		16	9	0	#667
[937]		8	28	0	#668
[939]		6	28	0	#669
[947]		1	12	0	#670
[948]		5	10	0	#671
[949]		4	11	0	#672
[951]		5	11	0	#673
[954]		1	11	0	#674
[957]		1	10	0	#675
[958]		2	11	0	#676
[960]		1	8	0	#677
[961]		6	17	0	#678
[962]		3	9	0	#679
[970]		2	16	0	#680
[971]		3	17	0	#681
[972]		4	23	0	#682
[979]		4	22	0	#683
[981]		3	22	0	#684
[987]		5	37	0	#685
[988]		6	34	0	#686
[993]		4	34	0	#687
[995]		7	37	0	#688
[1003]		2	34	0	#689
[1005]		3	32	0	#690
[1009]		3	34	0	#691
[1011]		6	32	0	#692
[1012]		5	30	0	#693
[1017]		7	32	0	#694
[1019]		5	8	0	#695
[1021]		5	7	0	#696
[1023]		1	29	0	#697
[1024]		3	29	0	#698
[1026]		1	28	0	#699
[1027]		2	29	0	#700
[1030]		3	25	0	#701
[1033]		2	4	0	#702
[1040]		2	2	0	#703
[1041]		2	3	0	#704
[1042]		2	5	0	#705
[1043]		3	2	0	#706
[1044]		2	1	0	#707
[1047]		4	28	0	#708
[1064]		4	4	0	#709
[1067]		4	2	0	#710
[1074]		16	2	0	#711
[1076]		3	35	0	#712
[1082]		1	35	0	#713
[1083]		2	23	0	#714
[1087]		3	24	0	#715
[1089]		1	25	0	#716
[1092]		1	26	0	#717
[1093]		1	24	0	#718
[1094]		18	21	0	#719
[1096]		16	20	0	#720
[1097]		15	18	0	#721
[1103]		15	17	0	#722
[1108]		25	19	0	#723
[1109]		33	2	0	#724
[1110]		22	11	0	#725
[1115]		25	18	0	#726
[1116]		25	20	0	#727
[1117]		24	19	0	#728
[1119]		33	1	0	#729
[1121]		26	21	0	#730
[1122]		30	19	0	#731
[1123]		26	19	0	#732
[1130]		23	22	0	#733
[1132]		21	1	0	#734
[1133]		20	3	0	#735
[1134]		23	6	0	#736
[1135]		21	4	0	#737
[1139]		9	37	0	#738
[1143]		10	37	0	#739
[1152]		8	37	0	#740
[1154]		7	38	0	#741
[1156]		6	33	0	#742
[1160]		5	33	0	#743
[1162]		7	34	0	#744
[1165]		6	30	0	#745
[1166]		6	29	0	#746
[1168]		14	21	0	#747
[1169]		24	24	0	#748
[1171]		15	21	0	#749
[1173]		23	23	0	#750
[1175]		25	24	0	#751
[1180]		22	20	0	#752
[1181]		22	9	0	#753
[1182]		23	21	0	#754
[1183]		23	7	0	#755
[1186]		6	1	0	#756
[1194]		6	13	0	#757
[1195]		7	6	0	#758
[1196]		8	6	0	#759
[1198]		8	5	0	#760
[1199]		6	6	0	#761
[1200]		8	4	0	#762
[1202]		5	3	0	#763
[1203]		5	6	0	#764
[1204]		36	24	0	#765
[1213]		38	24	0	#766
[1214]		40	20	0	#767
[1215]		40	18	0	#768
[1216]		39	19	0	#769
[1217]		40	17	0	#770
[1218]		38	25	0	#771
[1221]		37	18	0	#772
[1228]		37	17	0	#773
[1229]		36	17	0	#774
[1230]		38	17	0	#775
[1234]		39	2	0	#776
[1235]		39	3	0	#777
[1239]		39	1	0	#778
[1245]		39	21	0	#779
[1246]		39	12	0	#780
[1247]		37	15	0	#781
[1248]		39	13	0	#782
[1249]		40	12	0	#783
[1250]		40	11	0	#784
[1252]		38	14	0	#785
[1255]		38	11	0	#786
[1263]		36	12	0	#787
[1266]		37	12	0	#788
[1267]		35	13	0	#789
[1272]		36	13	0	#790
[1274]		36	20	0	#791
[1277]		36	19	0	#792
[1279]		39	18	0	#793
[1283]		38	20	0	#794
[1290]		39	20	0	#795
[1293]		38	7	0	#796
[1294]		38	13	0	#797
[1295]		38	16	0	#798
[1296]		36	15	0	#799
[1297]		39	16	0	#800
[1298]		40	16	0	#801
[1299]		36	16	0	#802
[1300]		36	14	0	#803
[1301]		38	12	0	#804
[1302]		40	13	0	#805
[1307]		34	24	0	#806
[1308]		34	22	0	#807
[1314]		13	12	0	#808
[1315]		13	10	0	#809
[1316]		12	11	0	#810
[1317]		14	2	0	#811
[1321]		15	1	0	#812
[1324]		18	12	0	#813
[1326]		8	3	0	#814
[1327]		10	4	0	#815
[1328]		11	3	0	#816
[1329]		12	2	0	#817
[1331]		8	1	0	#818
[1332]		9	4	0	#819
[1333]		10	3	0	#820
[1334]		9	1	0	#821
[1336]		10	2	0	#822
[1337]		10	1	0	#823
[1338]		14	1	0	#824
[1339]		13	1	0	#825
[1340]		8	8	0	#826
[1341]		11	8	0	#827
[1343]		10	6	0	#828
[1344]		7	7	0	#829
[1346]		10	5	0	#830
[1348]		9	5	0	#831
[1350]		6	9	0	#832
[1351]		8	13	0	#833
[1352]		7	12	0	#834
[1353]		14	8	0	#835
[1354]		9	12	0	#836
[1355]		14	4	0	#837
[1361]		5	9	0	#838
[1362]		12	3	0	#839
[1363]		13	4	0	#840
[1366]		7	4	0	#841
[1372]		6	4	0	#842
[1373]		6	3	0	#843
[1375]		6	5	0	#844
[1376]		9	9	0	#845
[1377]		10	14	0	#846
[1383]		5	5	0	#847
[1385]		28	35	0	#848
[1388]		32	27	0	#849
[1390]		26	35	0	#850
[1391]		27	37	0	#851
[1392]		22	37	0	#852
[1393]		33	27	0	#853
[1394]		31	27	0	#854
[1396]		31	29	0	#855
[1397]		30	26	0	#856
[1400]		21	25	0	#857
[1402]		32	25	0	#858
[1403]		29	20	0	#859
[1406]		31	25	0	#860
[1408]		28	6	0	#861
[1409]		26	7	0	#862
[1410]		30	24	0	#863
[1412]		25	35	0	#864
[1414]		23	33	0	#865
[1416]		22	33	0	#866
[1418]		22	35	0	#867
[1419]		23	35	0	#868
[1423]		9	32	0	#869
[1425]		11	32	0	#870
[1432]		11	31	0	#871
[1433]		13	33	0	#872
[1436]		15	28	0	#873
[1437]		14	30	0	#874
[1438]		16	29	0	#875
[1440]		18	26	0	#876
[1441]		16	26	0	#877
[1444]		17	29	0	#878
[1446]		18	32	0	#879
[1447]		17	27	0	#880
[1450]		14	31	0	#881
[1453]		17	34	0	#882
[1454]		16	33	0	#883
[1462]		14	25	0	#884
[1463]		15	24	0	#885
[1464]		18	25	0	#886
[1466]		17	25	0	#887
[1472]		19	35	0	#888
[1474]		18	24	0	#889
[1480]		19	28	0	#890
[1481]		19	30	0	#891
[1488]		13	26	0	#892
[1490]		11	28	0	#893
[1493]		10	28	0	#894
[1500]		14	28	0	#895
[1501]		12	28	0	#896
[1502]		13	27	0	#897
[1503]		16	32	0	#898
[1504]		12	25	0	#899
[1506]		15	34	0	#900
[1511]		8	34	0	#901
[1517]		8	35	0	#902
[1524]		9	27	0	#903
[1525]		9	31	0	#904
[1526]		9	28	0	#905
[1527]		9	29	0	#906
[1528]		8	26	0	#907
[1529]		8	31	0	#908
[1530]		6	27	0	#909
[1534]		21	27	0	#910
[1535]		23	28	0	#911
[1537]		23	3	0	#912
[1538]		22	29	0	#913
[1539]		21	30	0	#914
[1542]		23	4	0	#915
[1543]		22	28	0	#916
[1547]		11	37	0	#917
[1552]		10	38	0	#918
[1553]		12	39	0	#919
[1554]		11	36	0	#920
[1555]		12	37	0	#921
[1558]		14	38	0	#922
[1562]		8	20	0	#923
[1563]		9	21	0	#924
[1564]		7	20	0	#925
[1565]		9	20	0	#926
[1569]		14	23	0	#927
[1571]		12	23	0	#928
[1572]		14	24	0	#929
[1574]		15	23	0	#930
[1575]		14	22	0	#931
[1582]		9	16	0	#932
[1583]		12	21	0	#933
[1584]		10	25	0	#934
[1585]		10	20	0	#935
[1587]		9	17	0	#936
[1588]		9	15	0	#937
[1596]		14	34	0	#938
[1603]		13	34	0	#939
[1605]		11	34	0	#940
[1609]		15	40	0	#941
[1610]		17	40	0	#942
[1611]		15	39	0	#943
[1612]		16	40	0	#944
[1613]		14	39	0	#945
[1614]		17	39	0	#946
[1620]		13	35	0	#947
[1624]		16	38	0	#948
[1629]		16	36	0	#949
[1630]		15	37	0	#950
[1634]		23	25	0	#951
[1635]		24	28	0	#952
[1637]		27	27	0	#953
[1639]		27	26	0	#954
[1640]		26	27	0	#955
[1643]		20	23	0	#956
[1644]		21	23	0	#957
[1647]		25	29	0	#958
[1648]		29	29	0	#959
[1652]		29	27	0	#960
[1656]		30	28	0	#961
[1661]		19	25	0	#962
[1663]		22	40	0	#963
[1669]		23	34	0	#964
[1672]		22	32	0	#965
[1673]		19	39	0	#966
[1675]		18	39	0	#967
[1679]		19	40	0	#968
[1681]		21	39	0	#969
[1684]		26	39	0	#970
[1685]		22	39	0	#971
[1686]		24	38	0	#972
[1689]		25	39	0	#973
[1691]		22	38	0	#974
[1692]		24	37	0	#975
[1694]		25	37	0	#976
[1699]		32	30	0	#977
[1702]		31	33	0	#978
[1703]		30	31	0	#979
[1704]		32	28	0	#980
[1705]		32	29	0	#981
[1708]		28	36	0	#982
[1709]		31	31	0	#983
[1712]		29	32	0	#984
[1713]		27	31	0	#985
[1720]		24	34	0	#986
[1721]		26	33	0	#987
[1722]		24	31	0	#988
[1723]		26	28	0	#989
[1724]		24	30	0	#990
[1725]		23	30	0	#991
[1726]		26	24	0	#992
[1729]		28	24	0	#993
[1732]		30	30	0	#994
[1740]		22	22	0	#995
[1741]		21	22	0	#996
[1744]		29	35	0	#997
[1746]		27	33	0	#998
[1748]		30	34	0	#999
[1750]		24	32	0	#1000
[1756]		32	22	0	#1001
[1763]		20	34	0	#1002
[1764]		21	31	0	#1003
[1765]		21	35	0	#1004
[1766]		23	32	0	#1005
[1767]		20	35	0	#1006
[1768]		21	33	0	#1007
[1770]		22	31	0	#1008
[1776]		39	33	0	#1009
[1778]		38	35	0	#1010
[1779]		40	35	0	#1011
[1780]		39	31	0	#1012
[1781]		40	32	0	#1013
[1789]		36	30	0	#1014
[1792]		36	29	0	#1015
[1794]		35	30	0	#1016
[1796]		33	36	0	#1017
[1797]		30	37	0	#1018
[1798]		31	35	0	#1019
[1799]		34	35	0	#1020
[1803]		32	36	0	#1021
[1804]		34	36	0	#1022
[1805]		32	34	0	#1023
[1806]		33	28	0	#1024
[1808]		33	31	0	#1025
[1810]		31	34	0	#1026
[1814]		35	36	0	#1027
[1816]		37	34	0	#1028
[1817]		36	35	0	#1029
[1820]		36	36	0	#1030
[1821]		35	35	0	#1031
[1823]		34	28	0	#1032
[1825]		33	29	0	#1033
[1829]		35	28	0	#1034
[1832]		39	28	0	#1035
[1833]		38	31	0	#1036
[1838]		38	30	0	#1037
[1839]		38	32	0	#1038
[1841]		39	23	0	#1039
[1844]		40	22	0	#1040
[1845]		38	23	0	#1041
[1848]		40	26	0	#1042
[1849]		39	27	0	#1043
[1850]		35	38	0	#1044
[1852]		37	37	0	#1045
[1853]		34	37	0	#1046
[1856]		37	36	0	#1047
[1857]		38	37	0	#1048
[1861]		34	38	0	#1049
[1863]		36	38	0	#1050
[1867]		13	31	0	#1051
[1869]		10	35	0	#1052
[6473]		11	33	0	#1053
[6474]		11	35	0	#1054
[6475]		12	32	0	#1055
[6478]		33	38	0	#1056
[6479]		32	32	0	#1057
[6485]		35	37	0	#1058
[6488]		36	28	0	#1059
[6491]		36	27	0	#1060
[6493]		40	28	0	#1061
[6494]		38	28	0	#1062
[6495]		34	15	0	#1063
[6496]		39	29	0	#1064
[6499]		36	32	0	#1065
[6500]		35	32	0	#1066
[6501]		35	27	0	#1067
[6504]		36	31	0	#1068
[6506]		35	31	0	#1069
[6507]		36	34	0	#1070
[6509]		34	34	0	#1071
[6510]		33	34	0	#1072
[6512]		34	33	0	#1073
[6515]		30	38	0	#1074
[6516]		31	37	0	#1075
[6517]		32	35	0	#1076
[6520]		33	35	0	#1077
[6522]		37	32	0	#1078
[6523]		38	33	0	#1079
[6524]		40	27	0	#1080
[6526]		37	33	0	#1081
[6527]		37	27	0	#1082
[6528]		37	31	0	#1083
[6530]		37	29	0	#1084
[6536]		39	34	0	#1085
[6537]		39	35	0	#1086
[6538]		40	31	0	#1087
[6549]		20	32	0	#1088
[6550]		19	33	0	#1089
[6551]		23	31	0	#1090
[6553]		21	34	0	#1091
[6554]		28	26	0	#1092
[6555]		29	26	0	#1093
[6557]		29	37	0	#1094
[6558]		30	35	0	#1095
[6559]		27	32	0	#1096
[6561]		30	33	0	#1097
[6562]		24	33	0	#1098
[6563]		28	29	0	#1099
[6567]		31	30	0	#1100
[6573]		28	23	0	#1101
[6575]		27	24	0	#1102
[6577]		25	34	0	#1103
[6578]		28	38	0	#1104
[6579]		27	36	0	#1105
[6582]		32	31	0	#1106
[6584]		29	31	0	#1107
[6585]		28	31	0	#1108
[6587]		30	32	0	#1109
[6588]		33	30	0	#1110
[6589]		32	33	0	#1111
[6591]		30	36	0	#1112
[6593]		31	32	0	#1113
[6594]		19	12	0	#1114
[6595]		27	38	0	#1115
[6598]		25	38	0	#1116
[6600]		23	38	0	#1117
[6603]		24	39	0	#1118
[6604]		27	39	0	#1119
[6605]		29	39	0	#1120
[6615]		18	40	0	#1121
[6616]		21	32	0	#1122
[6618]		21	37	0	#1123
[6620]		23	24	0	#1124
[6621]		22	23	0	#1125
[6622]		25	36	0	#1126
[6623]		26	36	0	#1127
[6624]		22	24	0	#1128
[6627]		21	40	0	#1129
[6628]		25	31	0	#1130
[6629]		24	29	0	#1131
[6630]		25	30	0	#1132
[6631]		26	29	0	#1133
[6632]		28	27	0	#1134
[6633]		28	28	0	#1135
[6636]		25	28	0	#1136
[6637]		20	26	0	#1137
[6638]		21	26	0	#1138
[6640]		22	26	0	#1139
[6642]		14	35	0	#1140
[6643]		14	36	0	#1141
[6644]		19	38	0	#1142
[6645]		12	36	0	#1143
[6647]		16	35	0	#1144
[6651]		15	36	0	#1145
[6653]		16	39	0	#1146
[6654]		13	38	0	#1147
[6658]		13	39	0	#1148
[6660]		18	37	0	#1149
[6661]		18	35	0	#1150
[6665]		18	36	0	#1151
[6667]		13	36	0	#1152
[6669]		12	18	0	#1153
[6670]		10	16	0	#1154
[6672]		12	19	0	#1155
[6673]		9	26	0	#1156
[6674]		10	24	0	#1157
[6675]		10	26	0	#1158
[6678]		11	20	0	#1159
[6683]		13	23	0	#1160
[6686]		10	21	0	#1161
[6687]		6	20	0	#1162
[6688]		7	19	0	#1163
[6693]		8	21	0	#1164
[6694]		7	21	0	#1165
[6698]		10	36	0	#1166
[6702]		11	38	0	#1167
[6704]		14	37	0	#1168
[6708]		22	27	0	#1169
[6709]		23	27	0	#1170
[6712]		24	1	0	#1171
[6713]		23	1	0	#1172
[6714]		23	2	0	#1173
[6715]		22	30	0	#1174
[6719]		10	27	0	#1175
[6725]		7	31	0	#1176
[6730]		8	27	0	#1177
[6731]		9	30	0	#1178
[6735]		4	27	0	#1179
[6737]		8	25	0	#1180
[6745]		13	28	0	#1181
[6748]		11	26	0	#1182
[6749]		10	23	0	#1183
[6750]		11	27	0	#1184
[6752]		12	27	0	#1185
[6755]		19	20	0	#1186
[6756]		19	24	0	#1187
[6757]		19	29	0	#1188
[6759]		18	29	0	#1189
[6762]		15	26	0	#1190
[6763]		17	24	0	#1191
[6764]		16	25	0	#1192
[6766]		16	24	0	#1193
[6770]		18	34	0	#1194
[6771]		16	34	0	#1195
[6772]		18	33	0	#1196
[6773]		14	32	0	#1197
[6775]		15	27	0	#1198
[6776]		13	30	0	#1199
[6777]		23	26	0	#1200
[6780]		17	26	0	#1201
[6782]		15	29	0	#1202
[6785]		8	32	0	#1203
[6787]		10	32	0	#1204
[6788]		14	33	0	#1205
[6789]		10	31	0	#1206
[6791]		10	30	0	#1207
[6794]		31	24	0	#1208
[6799]		22	36	0	#1209
[6803]		26	23	0	#1210
[6805]		29	24	0	#1211
[6806]		28	33	0	#1212
[6807]		31	18	0	#1213
[6811]		33	24	0	#1214
[6812]		32	24	0	#1215
[6814]		30	23	0	#1216
[6816]		28	37	0	#1217
[6819]		31	26	0	#1218
[6820]		26	37	0	#1219
[6821]		31	28	0	#1220
[6823]		26	34	0	#1221
[6824]		24	40	0	#1222
[6825]		28	34	0	#1223
[6827]		25	40	0	#1224
[6828]		27	35	0	#1225
[6831]		7	5	0	#1226
[6834]		9	14	0	#1227
[6835]		13	3	0	#1228
[6837]		12	5	0	#1229
[6838]		7	2	0	#1230
[6840]		12	6	0	#1231
[6842]		6	10	0	#1232
[6843]		6	8	0	#1233
[6846]		14	3	0	#1234
[6848]		14	12	0	#1235
[6850]		8	12	0	#1236
[6852]		7	8	0	#1237
[6853]		12	8	0	#1238
[6854]		9	8	0	#1239
[6857]		8	7	0	#1240
[6858]		10	8	0	#1241
[6860]		9	3	0	#1242
[6864]		12	10	0	#1243
[6865]		14	14	0	#1244
[6868]		14	11	0	#1245
[6869]		13	11	0	#1246
[6870]		10	7	0	#1247
[6871]		35	24	0	#1248
[6872]		35	22	0	#1249
[6873]		35	25	0	#1250
[6875]		37	7	0	#1251
[6876]		39	7	0	#1252
[6879]		37	13	0	#1253
[6884]		38	8	0	#1254
[6885]		39	9	0	#1255
[6886]		38	22	0	#1256
[6887]		37	22	0	#1257
[6888]		38	9	0	#1258
[6890]		38	18	0	#1259
[6893]		34	27	0	#1260
[6894]		34	21	0	#1261
[6896]		35	21	0	#1262
[6897]		39	11	0	#1263
[6899]		39	10	0	#1264
[6900]		37	10	0	#1265
[6901]		39	8	0	#1266
[6902]		37	8	0	#1267
[6904]		36	10	0	#1268
[6905]		38	10	0	#1269
[6906]		40	15	0	#1270
[6908]		37	16	0	#1271
[6911]		39	15	0	#1272
[6913]		40	4	0	#1273
[6914]		40	5	0	#1274
[6915]		39	4	0	#1275
[6916]		39	6	0	#1276
[6918]		39	5	0	#1277
[6919]		39	14	0	#1278
[6920]		36	25	0	#1279
[6921]		38	26	0	#1280
[6922]		37	23	0	#1281
[6923]		35	17	0	#1282
[6924]		36	18	0	#1283
[6925]		35	18	0	#1284
[6926]		37	25	0	#1285
[6929]		39	25	0	#1286
[6930]		40	24	0	#1287
[6931]		39	24	0	#1288
[6934]		37	24	0	#1289
[6937]		37	19	0	#1290
[6938]		37	14	0	#1291
[6941]		7	13	0	#1292
[6942]		3	1	0	#1293
[6943]		6	2	0	#1294
[6944]		5	2	0	#1295
[6945]		5	1	0	#1296
[6946]		7	11	0	#1297
[6949]		8	9	0	#1298
[6950]		12	7	0	#1299
[6952]		24	18	0	#1300
[6954]		23	20	0	#1301
[6955]		23	9	0	#1302
[6956]		23	18	0	#1303
[6958]		20	21	0	#1304
[6959]		24	23	0	#1305
[6961]		21	21	0	#1306
[6963]		8	38	0	#1307
[6964]		8	29	0	#1308
[6965]		7	30	0	#1309
[6966]		7	35	0	#1310
[6967]		9	36	0	#1311
[6968]		6	38	0	#1312
[6969]		6	37	0	#1313
[6970]		10	29	0	#1314
[6972]		9	38	0	#1315
[6973]		10	34	0	#1316
[6975]		10	39	0	#1317
[6976]		22	4	0	#1318
[6978]		22	5	0	#1319
[6979]		20	5	0	#1320
[6982]		24	21	0	#1321
[6983]		25	21	0	#1322
[6984]		27	20	0	#1323
[6985]		30	20	0	#1324
[6987]		28	20	0	#1325
[6991]		22	16	0	#1326
[6992]		26	20	0	#1327
[6994]		19	21	0	#1328
[6995]		15	19	0	#1329
[6996]		15	20	0	#1330
[6997]		17	21	0	#1331
[6999]		22	21	0	#1332
[7001]		21	20	0	#1333
[7003]		2	22	0	#1334
[7004]		3	23	0	#1335
[7005]		2	21	0	#1336
[7007]		2	25	0	#1337
[7008]		2	24	0	#1338
[7009]		2	35	0	#1339
[7010]		4	36	0	#1340
[7011]		15	6	0	#1341
[7013]		15	3	0	#1342
[7015]		16	3	0	#1343
[7017]		4	3	0	#1344
[7018]		15	4	0	#1345
[7019]		4	31	0	#1346
[7021]		7	22	0	#1347
[7022]		6	26	0	#1348
[7023]		6	25	0	#1349
[7024]		10	22	0	#1350
[7027]		6	22	0	#1351
[7028]		4	26	0	#1352
[7029]		7	26	0	#1353
[7030]		3	21	0	#1354
[7032]		3	26	0	#1355
[7033]		14	16	0	#1356
[7035]		2	6	0	#1357
[7037]		6	19	0	#1358
[7038]		5	23	0	#1359
[7039]		5	26	0	#1360
[7040]		2	26	0	#1361
[7041]		4	29	0	#1362
[7042]		6	15	0	#1363
[7043]		5	29	0	#1364
[7045]		2	30	0	#1365
[7046]		6	31	0	#1366
[7047]		5	32	0	#1367
[7050]		2	33	0	#1368
[7051]		3	28	0	#1369
[7054]		3	30	0	#1370
[7057]		6	35	0	#1371
[7058]		4	35	0	#1372
[7059]		5	35	0	#1373
[7060]		5	34	0	#1374
[7062]		5	36	0	#1375
[7063]		3	36	0	#1376
[7065]		1	31	0	#1377
[7066]		11	2	0	#1378
[7067]		3	16	0	#1379
[7068]		2	17	0	#1380
[7070]		1	15	0	#1381
[7071]		1	18	0	#1382
[7074]		1	17	0	#1383
[7076]		1	23	0	#1384
[7077]		2	10	0	#1385
[7078]		2	8	0	#1386
[7079]		13	17	0	#1387
[7080]		12	17	0	#1388
[7082]		2	9	0	#1389
[7083]		3	12	0	#1390
[7084]		6	12	0	#1391
[7085]		2	12	0	#1392
[7086]		4	10	0	#1393
[7087]		3	11	0	#1394
[7088]		5	12	0	#1395
[7091]		5	28	0	#1396
[7092]		11	29	0	#1397
[7093]		7	29	0	#1398
[7094]		18	15	0	#1399
[7100]		19	10	0	#1400
[7102]		17	10	0	#1401
[7104]		16	15	0	#1402
[7105]		15	15	0	#1403
[7107]		14	15	0	#1404
[7108]		11	13	0	#1405
[7109]		17	2	0	#1406
[7110]		13	16	0	#1407
[7111]		12	15	0	#1408
[7113]		16	5	0	#1409
[7114]		11	11	0	#1410
[7115]		11	12	0	#1411
[7117]		14	13	0	#1412
[7118]		16	12	0	#1413
[7119]		18	8	0	#1414
[7121]		16	1	0	#1415
[7122]		15	7	0	#1416
[7126]		21	19	0	#1417
[7127]		20	20	0	#1418
[7128]		16	23	0	#1419
[7129]		17	28	0	#1420
[7130]		19	19	0	#1421
[7132]		2	20	0	#1422
[7133]		1	20	0	#1423
[7134]		4	19	0	#1424
[7136]		1	19	0	#1425
[7138]		4	16	0	#1426
[7140]		4	18	0	#1427
[7144]		12	20	0	#1428
[7146]		13	20	0	#1429
[7149]		6	18	0	#1430
[7151]		14	19	0	#1431
[7155]		11	18	0	#1432
[7157]		6	23	0	#1433
[7161]		8	24	0	#1434
[7163]		14	26	0	#1435
[7164]		4	24	0	#1436
[7165]		13	22	0	#1437
[7167]		5	24	0	#1438
[7168]		14	27	0	#1439
[7174]		2	7	0	#1440
[7175]		1	5	0	#1441
[7177]		3	7	0	#1442
[7178]		33	19	0	#1443
[7181]		26	16	0	#1444
[7182]		27	15	0	#1445
[7183]		28	14	0	#1446
[7184]		30	12	0	#1447
[7185]		28	15	0	#1448
[7188]		23	10	0	#1449
[7190]		24	10	0	#1450
[7191]		24	13	0	#1451
[7194]		23	13	0	#1452
[7196]		22	12	0	#1453
[7199]		28	19	0	#1454
[7200]		32	12	0	#1455
[7202]		30	18	0	#1456
[7203]		31	17	0	#1457
[7205]		29	18	0	#1458
[7208]		30	22	0	#1459
[7211]		27	23	0	#1460
[7214]		27	22	0	#1461
[7215]		35	19	0	#1462
[7218]		33	18	0	#1463
[7219]		38	4	0	#1464
[7222]		34	18	0	#1465
[7223]		31	19	0	#1466
[7226]		29	21	0	#1467
[7227]		29	1	0	#1468
[7228]		28	1	0	#1469
[7229]		29	2	0	#1470
[7231]		31	21	0	#1471
[7232]		28	21	0	#1472
[7233]		33	16	0	#1473
[7234]		35	14	0	#1474
[7235]		34	12	0	#1475
[7237]		30	15	0	#1476
[7239]		35	16	0	#1477
[7241]		31	15	0	#1478
[7244]		31	16	0	#1479
[7246]		27	4	0	#1480
[7248]		26	5	0	#1481
[7249]		27	11	0	#1482
[7250]		26	11	0	#1483
[7251]		27	5	0	#1484
[7253]		27	9	0	#1485
[7254]		24	9	0	#1486
[7255]		25	9	0	#1487
[7257]		25	2	0	#1488
[7260]		30	4	0	#1489
[7261]		25	4	0	#1490
[7262]		29	4	0	#1491
[7263]		28	9	0	#1492
[7264]		36	6	0	#1493
[7266]		35	5	0	#1494
[7267]		34	6	0	#1495
[7268]		35	6	0	#1496
[7269]		22	7	0	#1497
[7271]		34	7	0	#1498
[7272]		21	8	0	#1499
[7273]		35	7	0	#1500
[7275]		20	12	0	#1501
[7277]		30	11	0	#1502
[7278]		19	4	0	#1503
[7279]		21	11	0	#1504
[7280]		32	10	0	#1505
[7282]		32	3	0	#1506
[7286]		33	3	0	#1507
[7287]		34	1	0	#1508
[7288]		34	4	0	#1509
[7289]		33	4	0	#1510
[7292]		33	5	0	#1511
[7293]		32	9	0	#1512
[7294]		38	2	0	#1513
[7295]		36	1	0	#1514
[7296]		37	1	0	#1515
[7297]		32	14	0	#1516
[7300]		33	8	0	#1517
[7302]		35	9	0	#1518
[7303]		31	5	0	#1519
[7304]		30	6	0	#1520
[7307]		31	6	0	#1521
[7308]		34	9	0	#1522
[7309]		31	7	0	#1523
[7310]		33	9	0	#1524
[7311]		32	8	0	#1525
[7312]		37	3	0	#1526
[7313]		35	1	0	#1527
[7314]		36	4	0	#1528
[7317]		35	4	0	#1529
[7318]		34	10	0	#1530
[7319]		21	9	0	#1531
[7321]		29	9	0	#1532
[7322]		2	15	0	#1533
[7324]		6	14	0	#1534
[7325]		4	8	0	#1535
[7326]		2	13	0	#1536
[7327]		2	14	0	#1537
[7329]		7	14	0	#1538
[7335]		5	14	0	#1539
[7336]		17	11	0	#1540
[7337]		7	18	0	#1541
[7338]		5	18	0	#1542
[7339]		21	10	0	#1543
